<?xml version="1.0" encoding="UTF-8"?>
<!-- Generated by org.testng.reporters.JUnitReportReporter -->
<testsuite hostname="IN-GMYM2J3" failures="0" tests="3" name="testCases.Testcase" time="0.017" errors="0" timestamp="2024-10-09T17:20:09 IST" skipped="0">
  <testcase classname="testCases.Testcase" name="subtraction" time="0.001"/>
  <testcase classname="testCases.Testcase" name="addition" time="0.015"/>
  <testcase classname="testCases.Testcase" name="multiply" time="0.001"/>
</testsuite> <!-- testCases.Testcase -->
