<?xml version="1.0" encoding="UTF-8"?>
<!-- Generated by org.testng.reporters.JUnitReportReporter -->
<testsuite hostname="IN-GMYM2J3" failures="0" tests="3" name="testCases.Testcase" time="0.000" errors="0" timestamp="2024-10-09T19:58:45 IST" skipped="0">
  <testcase classname="testCases.Testcase" name="multiply" time="0.000"/>
  <testcase classname="testCases.Testcase" name="addition" time="0.000"/>
  <testcase classname="testCases.Testcase" name="subtraction" time="0.000"/>
</testsuite> <!-- testCases.Testcase -->
